<?xml version="1.0" encoding="UTF-8"?>
<!-- Generated by org.testng.reporters.JUnitReportReporter -->
<testsuite hostname="LAPTOP-621A1SJ5" failures="0" tests="5" name="com.fitpeo.Tests.RevenueCalculatorTest" time="30.302" errors="0" timestamp="2024-11-26T20:13:24 IST" skipped="0">
  <testcase classname="com.fitpeo.Tests.RevenueCalculatorTest" name="testNavigateToRevenueCalculatorPage" time="1.328"/>
  <testcase classname="com.fitpeo.Tests.RevenueCalculatorTest" name="testSliderAdjustmentTo820" time="19.240"/>
  <testcase classname="com.fitpeo.Tests.RevenueCalculatorTest" name="testValidateSliderValueAfterTextUpdate" time="0.787"/>
  <testcase classname="com.fitpeo.Tests.RevenueCalculatorTest" name="testSelectCPTCodes" time="8.833"/>
  <testcase classname="com.fitpeo.Tests.RevenueCalculatorTest" name="testValidateTotalRecurringReimbursement" time="0.114"/>
</testsuite> <!-- com.fitpeo.Tests.RevenueCalculatorTest -->
