<?xml version="1.0" encoding="UTF-8"?>
<!-- Generated by org.testng.reporters.JUnitReportReporter -->
<testsuite hostname="LAPTOP-621A1SJ5" failures="0" tests="1" name="com.fitpeo.Tests.RevenueCalculatorTest" time="61.352" errors="0" timestamp="2024-11-26T00:03:32 IST" skipped="0">
  <testcase classname="com.fitpeo.Tests.RevenueCalculatorTest" name="testRevenueCalculator" time="61.352"/>
</testsuite> <!-- com.fitpeo.Tests.RevenueCalculatorTest -->
